<?xml version="1.0" encoding="UTF-8"?>
<testsuites name="Mocha Tests" time="0.0000" tests="1" failures="1">
  <testsuite name="Root Suite" timestamp="2024-09-05T20:47:04" tests="0" file="cypress/integration/plugins/index-management-dashboards-plugin/notification_settings.js" time="0.0000" failures="0">
  </testsuite>
  <testsuite name="NotificationSettings" timestamp="2024-09-05T20:47:04" tests="0" time="0.0000" failures="0">
  </testsuite>
  <testsuite name="Display all with empty" timestamp="2024-09-05T20:47:05" tests="1" time="0.0000" failures="1">
    <testcase name="NotificationSettings Display all with empty &quot;before each&quot; hook for &quot;successfully&quot;" time="0.0000" classname="&quot;before each&quot; hook for &quot;successfully&quot;">
      <failure message="Timed out retrying after 60000ms: Expected to find content: &apos;Defaults for index operations&apos; but never did.

Because this error occurred during a `before each` hook we are skipping the remaining tests in the current suite: `NotificationSettings`" type="AssertionError"><![CDATA[AssertionError: Timed out retrying after 60000ms: Expected to find content: 'Defaults for index operations' but never did.

Because this error occurred during a `before each` hook we are skipping the remaining tests in the current suite: `NotificationSettings`
    at Context.eval (http://localhost:5601/__cypress/tests?p=cypress/integration/plugins/index-management-dashboards-plugin/notification_settings.js:226:8)]]></failure>
    </testcase>
  </testsuite>
</testsuites>