<?xml version="1.0" encoding="UTF-8"?>
<testsuites name="Mocha Tests" time="0.0000" tests="4" failures="1">
  <testsuite name="Root Suite" timestamp="2024-09-05T20:40:51" tests="0" file="cypress/integration/plugins/index-management-dashboards-plugin/create_index.js" time="0.0000" failures="0">
  </testsuite>
  <testsuite name="Create Index" timestamp="2024-09-05T20:40:51" tests="0" time="0.0000" failures="0">
  </testsuite>
  <testsuite name="can be created and updated" timestamp="2024-09-05T20:40:51" tests="4" time="0.0000" failures="1">
    <testcase name="Create Index can be created and updated &quot;before each&quot; hook for &quot;Create a index successfully&quot;" time="0.0000" classname="&quot;before each&quot; hook for &quot;Create a index successfully&quot;">
      <failure message="Timed out retrying after 60000ms: Expected to find content: &apos;Rows per page&apos; but never did.

Because this error occurred during a `before each` hook we are skipping the remaining tests in the current suite: `can be created and updated`" type="AssertionError"><![CDATA[AssertionError: Timed out retrying after 60000ms: Expected to find content: 'Rows per page' but never did.

Because this error occurred during a `before each` hook we are skipping the remaining tests in the current suite: `can be created and updated`
    at Context.eval (http://localhost:5601/__cypress/tests?p=cypress/integration/plugins/index-management-dashboards-plugin/create_index.js:207:10)]]></failure>
    </testcase>
  </testsuite>
</testsuites>