<?xml version="1.0" encoding="UTF-8"?>
<testsuites name="Mocha Tests" time="0.0000" tests="5" failures="5">
  <testsuite name="Root Suite" timestamp="2024-09-05T20:27:52" tests="0" file="cypress/integration/plugins/index-management-dashboards-plugin/policies_spec.js" time="0.0000" failures="0">
  </testsuite>
  <testsuite name="Policies" timestamp="2024-09-05T20:27:52" tests="0" time="0.0000" failures="0">
  </testsuite>
  <testsuite name="can be created" timestamp="2024-09-05T20:27:52" tests="1" time="0.0000" failures="1">
    <testcase name="Policies can be created &quot;before all&quot; hook for &quot;successfully&quot;" time="0.0000" classname="&quot;before all&quot; hook for &quot;successfully&quot;">
      <failure message="`cy.request()` failed on:

https://localhost:9200/.opendistro-ism*?expand_wildcards=all

The response we received from your web server was:

  &gt; 403: Forbidden

This was considered a failure because the status code was not `2xx` or `3xx`.

If you do not want status codes to cause failures pass the option: `failOnStatusCode: false`

Because this error occurred during a `before all` hook we are skipping the remaining tests in the current suite: `can be created`
    at http://localhost:5601/__cypress/runner/cypress_runner.js:160667:80
    at tryCatcher (http://localhost:5601/__cypress/runner/cypress_runner.js:13022:23)
    at Promise._settlePromiseFromHandler (http://localhost:5601/__cypress/runner/cypress_runner.js:10957:31)
    at Promise._settlePromise (http://localhost:5601/__cypress/runner/cypress_runner.js:11014:18)
    at Promise._settlePromise0 (http://localhost:5601/__cypress/runner/cypress_runner.js:11059:10)
    at Promise._settlePromises (http://localhost:5601/__cypress/runner/cypress_runner.js:11139:18)
    at _drainQueueStep (http://localhost:5601/__cypress/runner/cypress_runner.js:7729:12)
    at _drainQueue (http://localhost:5601/__cypress/runner/cypress_runner.js:7722:9)
    at Async.../../node_modules/bluebird/js/release/async.js.Async._drainQueues (http://localhost:5601/__cypress/runner/cypress_runner.js:7738:5)
    at Async.drainQueues (http://localhost:5601/__cypress/runner/cypress_runner.js:7608:14)
From Your Spec Code:
    at Context.eval (http://localhost:5601/__cypress/tests?p=cypress/support/index.js:4480:6)]]></failure>
    </testcase>
  </testsuite>
  <testsuite name="can be edited" timestamp="2024-09-05T20:27:53" tests="1" time="0.0000" failures="1">
    <testcase name="Policies can be edited &quot;before all&quot; hook for &quot;successfully&quot;" time="0.0000" classname="&quot;before all&quot; hook for &quot;successfully&quot;">
      <failure message="`cy.request()` failed on:

https://localhost:9200/.opendistro-ism*?expand_wildcards=all

The response we received from your web server was:

  &gt; 403: Forbidden

This was considered a failure because the status code was not `2xx` or `3xx`.

If you do not want status codes to cause failures pass the option: `failOnStatusCode: false`

Because this error occurred during a `before all` hook we are skipping the remaining tests in the current suite: `can be edited`
    at http://localhost:5601/__cypress/runner/cypress_runner.js:160667:80
    at tryCatcher (http://localhost:5601/__cypress/runner/cypress_runner.js:13022:23)
    at Promise._settlePromiseFromHandler (http://localhost:5601/__cypress/runner/cypress_runner.js:10957:31)
    at Promise._settlePromise (http://localhost:5601/__cypress/runner/cypress_runner.js:11014:18)
    at Promise._settlePromise0 (http://localhost:5601/__cypress/runner/cypress_runner.js:11059:10)
    at Promise._settlePromises (http://localhost:5601/__cypress/runner/cypress_runner.js:11139:18)
    at _drainQueueStep (http://localhost:5601/__cypress/runner/cypress_runner.js:7729:12)
    at _drainQueue (http://localhost:5601/__cypress/runner/cypress_runner.js:7722:9)
    at Async.../../node_modules/bluebird/js/release/async.js.Async._drainQueues (http://localhost:5601/__cypress/runner/cypress_runner.js:7738:5)
    at Async.drainQueues (http://localhost:5601/__cypress/runner/cypress_runner.js:7608:14)
From Your Spec Code:
    at Context.eval (http://localhost:5601/__cypress/tests?p=cypress/support/index.js:4480:6)]]></failure>
    </testcase>
  </testsuite>
  <testsuite name="can be deleted" timestamp="2024-09-05T20:27:53" tests="1" time="0.0000" failures="1">
    <testcase name="Policies can be deleted &quot;before all&quot; hook for &quot;successfully&quot;" time="0.0000" classname="&quot;before all&quot; hook for &quot;successfully&quot;">
      <failure message="`cy.request()` failed on:

https://localhost:9200/.opendistro-ism*?expand_wildcards=all

The response we received from your web server was:

  &gt; 403: Forbidden

This was considered a failure because the status code was not `2xx` or `3xx`.

If you do not want status codes to cause failures pass the option: `failOnStatusCode: false`

Because this error occurred during a `before all` hook we are skipping the remaining tests in the current suite: `can be deleted`
    at http://localhost:5601/__cypress/runner/cypress_runner.js:160667:80
    at tryCatcher (http://localhost:5601/__cypress/runner/cypress_runner.js:13022:23)
    at Promise._settlePromiseFromHandler (http://localhost:5601/__cypress/runner/cypress_runner.js:10957:31)
    at Promise._settlePromise (http://localhost:5601/__cypress/runner/cypress_runner.js:11014:18)
    at Promise._settlePromise0 (http://localhost:5601/__cypress/runner/cypress_runner.js:11059:10)
    at Promise._settlePromises (http://localhost:5601/__cypress/runner/cypress_runner.js:11139:18)
    at _drainQueueStep (http://localhost:5601/__cypress/runner/cypress_runner.js:7729:12)
    at _drainQueue (http://localhost:5601/__cypress/runner/cypress_runner.js:7722:9)
    at Async.../../node_modules/bluebird/js/release/async.js.Async._drainQueues (http://localhost:5601/__cypress/runner/cypress_runner.js:7738:5)
    at Async.drainQueues (http://localhost:5601/__cypress/runner/cypress_runner.js:7608:14)
From Your Spec Code:
    at Context.eval (http://localhost:5601/__cypress/tests?p=cypress/support/index.js:4480:6)]]></failure>
    </testcase>
  </testsuite>
  <testsuite name="can be searched" timestamp="2024-09-05T20:27:53" tests="1" time="0.0000" failures="1">
    <testcase name="Policies can be searched &quot;before all&quot; hook for &quot;successfully&quot;" time="0.0000" classname="&quot;before all&quot; hook for &quot;successfully&quot;">
      <failure message="`cy.request()` failed on:

https://localhost:9200/.opendistro-ism*?expand_wildcards=all

The response we received from your web server was:

  &gt; 403: Forbidden

This was considered a failure because the status code was not `2xx` or `3xx`.

If you do not want status codes to cause failures pass the option: `failOnStatusCode: false`

Because this error occurred during a `before all` hook we are skipping the remaining tests in the current suite: `can be searched`
    at http://localhost:5601/__cypress/runner/cypress_runner.js:160667:80
    at tryCatcher (http://localhost:5601/__cypress/runner/cypress_runner.js:13022:23)
    at Promise._settlePromiseFromHandler (http://localhost:5601/__cypress/runner/cypress_runner.js:10957:31)
    at Promise._settlePromise (http://localhost:5601/__cypress/runner/cypress_runner.js:11014:18)
    at Promise._settlePromise0 (http://localhost:5601/__cypress/runner/cypress_runner.js:11059:10)
    at Promise._settlePromises (http://localhost:5601/__cypress/runner/cypress_runner.js:11139:18)
    at _drainQueueStep (http://localhost:5601/__cypress/runner/cypress_runner.js:7729:12)
    at _drainQueue (http://localhost:5601/__cypress/runner/cypress_runner.js:7722:9)
    at Async.../../node_modules/bluebird/js/release/async.js.Async._drainQueues (http://localhost:5601/__cypress/runner/cypress_runner.js:7738:5)
    at Async.drainQueues (http://localhost:5601/__cypress/runner/cypress_runner.js:7608:14)
From Your Spec Code:
    at Context.eval (http://localhost:5601/__cypress/tests?p=cypress/support/index.js:4480:6)]]></failure>
    </testcase>
  </testsuite>
  <testsuite name="can be viewed" timestamp="2024-09-05T20:27:54" tests="1" time="0.0000" failures="1">
    <testcase name="Policies can be viewed &quot;before all&quot; hook for &quot;successfully&quot;" time="0.0000" classname="&quot;before all&quot; hook for &quot;successfully&quot;">
      <failure message="`cy.request()` failed on:

https://localhost:9200/.opendistro-ism*?expand_wildcards=all

The response we received from your web server was:

  &gt; 403: Forbidden

This was considered a failure because the status code was not `2xx` or `3xx`.

If you do not want status codes to cause failures pass the option: `failOnStatusCode: false`

Because this error occurred during a `before all` hook we are skipping the remaining tests in the current suite: `can be viewed`
    at http://localhost:5601/__cypress/runner/cypress_runner.js:160667:80
    at tryCatcher (http://localhost:5601/__cypress/runner/cypress_runner.js:13022:23)
    at Promise._settlePromiseFromHandler (http://localhost:5601/__cypress/runner/cypress_runner.js:10957:31)
    at Promise._settlePromise (http://localhost:5601/__cypress/runner/cypress_runner.js:11014:18)
    at Promise._settlePromise0 (http://localhost:5601/__cypress/runner/cypress_runner.js:11059:10)
    at Promise._settlePromises (http://localhost:5601/__cypress/runner/cypress_runner.js:11139:18)
    at _drainQueueStep (http://localhost:5601/__cypress/runner/cypress_runner.js:7729:12)
    at _drainQueue (http://localhost:5601/__cypress/runner/cypress_runner.js:7722:9)
    at Async.../../node_modules/bluebird/js/release/async.js.Async._drainQueues (http://localhost:5601/__cypress/runner/cypress_runner.js:7738:5)
    at Async.drainQueues (http://localhost:5601/__cypress/runner/cypress_runner.js:7608:14)
From Your Spec Code:
    at Context.eval (http://localhost:5601/__cypress/tests?p=cypress/support/index.js:4480:6)]]></failure>
    </testcase>
  </testsuite>
</testsuites>
